<?xml version="1.0" encoding="UTF-8"?>
<testsuite xmlns:xsi="http://www.w3.org/2001/XMLSchema-instance" xsi:noNamespaceSchemaLocation="https://maven.apache.org/surefire/maven-surefire-plugin/xsd/surefire-test-report-3.0.xsd" version="3.0" name="com.example.twitterapp.TwitterAppApplicationTests" time="11.694" tests="1" errors="0" skipped="0" failures="0">
  <properties>
[...]
</properties>
  <testcase name="contextLoads" classname="com.example.twitterapp.TwitterAppApplicationTests" time="0.955">
    <system-out><![CDATA[15:26:06.211 [main] INFO org.springframework.test.context.support.AnnotationConfigContextLoaderUtils -- Could not detect default configuration classes for test class [com.example.twitterapp.TwitterAppApplicationTests]: TwitterAppApplicationTests does not declare any static, non-private, non-final, nested classes annotated with @Configuration.
15:26:06.495 [main] INFO org.springframework.boot.test.context.SpringBootTestContextBootstrapper -- Found @SpringBootConfiguration com.example.twitterapp.TwitterAppApplication for test class com.example.twitterapp.TwitterAppApplicationTests

  .   ____          _            __ _ _
 /\\ / ___'_ __ _ _(_)_ __  __ _ \ \ \ \
( ( )\___ | '_ | '_| | '_ \/ _` | \ \ \ \
 \\/  ___)| |_)| | | | | || (_| |  ) ) ) )
  '  |____| .__|_| |_|_| |_\__, | / / / /
 =========|_|==============|___/=/_/_/_/

 :: Spring Boot ::                (v3.3.2)

2026-08-03T15:26:07.626+05:30  INFO 2704 --- [twitter-app] [           main] c.e.t.TwitterAppApplicationTests         : Starting TwitterAppApplicationTests using Java 17.0.19 with PID 2704 (started by Hanamant in C:\Users\Hanamant\Desktop\blogging-app-aws-cost-optomazation\FullStack-Blogging-App)
2026-08-03T15:26:07.629+05:30  INFO 2704 --- [twitter-app] [           main] c.e.t.TwitterAppApplicationTests         : No active profile set, falling back to 1 default profile: "default"
2026-08-03T15:26:09.256+05:30  INFO 2704 --- [twitter-app] [           main] .s.d.r.c.RepositoryConfigurationDelegate : Bootstrapping Spring Data JPA repositories in DEFAULT mode.
2026-08-03T15:26:09.387+05:30  INFO 2704 --- [twitter-app] [           main] .s.d.r.c.RepositoryConfigurationDelegate : Finished Spring Data repository scanning in 111 ms. Found 2 JPA repository interfaces.
2026-08-03T15:26:10.257+05:30  INFO 2704 --- [twitter-app] [           main] com.zaxxer.hikari.HikariDataSource       : HikariPool-1 - Starting...
2026-08-03T15:26:10.710+05:30  INFO 2704 --- [twitter-app] [           main] com.zaxxer.hikari.pool.HikariPool        : HikariPool-1 - Added connection conn0: url=jdbc:h2:mem:twitterapp user=SA
2026-08-03T15:26:10.716+05:30  INFO 2704 --- [twitter-app] [           main] com.zaxxer.hikari.HikariDataSource       : HikariPool-1 - Start completed.
2026-08-03T15:26:10.822+05:30  INFO 2704 --- [twitter-app] [           main] o.hibernate.jpa.internal.util.LogHelper  : HHH000204: Processing PersistenceUnitInfo [name: default]
2026-08-03T15:26:10.948+05:30  INFO 2704 --- [twitter-app] [           main] org.hibernate.Version                    : HHH000412: Hibernate ORM core version 6.5.2.Final
2026-08-03T15:26:11.024+05:30  INFO 2704 --- [twitter-app] [           main] o.h.c.internal.RegionFactoryInitiator    : HHH000026: Second-level cache disabled
2026-08-03T15:26:11.867+05:30  INFO 2704 --- [twitter-app] [           main] o.s.o.j.p.SpringPersistenceUnitInfo      : No LoadTimeWeaver setup: ignoring JPA class transformer
2026-08-03T15:26:12.001+05:30  WARN 2704 --- [twitter-app] [           main] org.hibernate.orm.deprecation            : HHH90000025: H2Dialect does not need to be specified explicitly using 'hibernate.dialect' (remove the property setting and it will be selected by default)
2026-08-03T15:26:13.928+05:30  INFO 2704 --- [twitter-app] [           main] o.h.e.t.j.p.i.JtaPlatformInitiator       : HHH000489: No JTA platform available (set 'hibernate.transaction.jta.platform' to enable JTA platform integration)
2026-08-03T15:26:14.040+05:30  INFO 2704 --- [twitter-app] [           main] j.LocalContainerEntityManagerFactoryBean : Initialized JPA EntityManagerFactory for persistence unit 'default'
2026-08-03T15:26:14.836+05:30  WARN 2704 --- [twitter-app] [           main] JpaBaseConfiguration$JpaWebConfiguration : spring.jpa.open-in-view is enabled by default. Therefore, database queries may be performed during view rendering. Explicitly configure spring.jpa.open-in-view to disable this warning
2026-08-03T15:26:14.879+05:30  WARN 2704 --- [twitter-app] [           main] r$InitializeUserDetailsManagerConfigurer : Global AuthenticationManager configured with an AuthenticationProvider bean. UserDetailsService beans will not be used for username/password login. Consider removing the AuthenticationProvider bean. Alternatively, consider using the UserDetailsService in a manually instantiated DaoAuthenticationProvider.
2026-08-03T15:26:16.269+05:30  INFO 2704 --- [twitter-app] [           main] o.s.b.a.h2.H2ConsoleAutoConfiguration    : H2 console available at '/h2-console'. Database available at 'jdbc:h2:mem:twitterapp'
2026-08-03T15:26:16.416+05:30  INFO 2704 --- [twitter-app] [           main] c.e.t.TwitterAppApplicationTests         : Started TwitterAppApplicationTests in 9.423 seconds (process running for 11.885)
]]></system-out>
  </testcase>
</testsuite>